<?xml version="1.0" encoding="UTF-8"?>
<!-- Generated by org.testng.reporters.JUnitXMLReporter -->
<testsuite ignored="0" hostname="amusale-lt" failures="0" tests="4" name="Chrome_Browser" time="20.772" errors="0" timestamp="2021-08-15T15:42:57 IST">
  <testcase classname="tests.BookFlight" name="searchForFlights" time="7.072"/>
  <testcase classname="tests.BookFlight" name="chooseLowestPricedAirline" time="1.167"/>
  <testcase classname="tests.BookFlight" name="purchaseFlightTicket" time="3.74"/>
  <testcase classname="tests.BookFlight" name="bookingConfirmed" time="0.086"/>
</testsuite> <!-- Chrome_Browser -->
